2014-09-09 19:22:28,325 INFO  [JavaFX Application Thread     ] [MainController                ]  - Default configuration file present (/home/dellik/mqtt-spy/mqtt-spy-configuration.xml) = false
2014-09-09 19:22:36,862 INFO  [JavaFX Application Thread     ] [MainController                ]  - Loading configuration file from /home/dellik/mqtt-spy/mqtt-spy-configuration.xml
2014-09-09 19:22:38,443 INFO  [JavaFX Application Thread     ] [MqttManager                   ]  - Connecting mqtt-spy to tcp://iot.eclipse.org:1883
2014-09-09 19:22:38,801 INFO  [MQTT Call: mqtt-spy           ] [MqttConnectionResultHandler   ]  - mqtt-spy@iot.eclipse.org connected
2014-09-09 19:22:43,790 INFO  [JavaFX Application Thread     ] [MqttManager                   ]  - Disconnecting mqtt-spy from tcp://iot.eclipse.org:1883
2014-09-09 19:22:43,814 INFO  [MQTT Disc: mqtt-spy           ] [MqttDisconnectionResultHandler]  - mqtt-spy@iot.eclipse.org disconnected
2014-09-09 19:37:11,941 INFO  [JavaFX Application Thread     ] [MainController                ]  - Default configuration file present (/home/dellik/mqtt-spy/mqtt-spy-configuration.xml) = false
2014-09-09 19:37:13,535 INFO  [JavaFX Application Thread     ] [MainController                ]  - Loading configuration file from /home/dellik/mqtt-spy/mqtt-spy-configuration.xml
2014-09-09 19:37:14,814 INFO  [JavaFX Application Thread     ] [MqttManager                   ]  - Connecting mqtt-spy to tcp://iot.eclipse.org:1883
2014-09-09 19:37:15,134 INFO  [MQTT Call: mqtt-spy           ] [MqttConnectionResultHandler   ]  - mqtt-spy@iot.eclipse.org connected
2014-09-09 19:37:17,925 INFO  [JavaFX Application Thread     ] [MqttManager                   ]  - Disconnecting mqtt-spy from tcp://iot.eclipse.org:1883
2014-09-09 19:37:17,936 INFO  [MQTT Disc: mqtt-spy           ] [MqttDisconnectionResultHandler]  - mqtt-spy@iot.eclipse.org disconnected
2014-09-09 19:40:55,325 INFO  [JavaFX Application Thread     ] [MainController                ]  - Default configuration file present (/home/dellik/mqtt-spy/mqtt-spy-configuration.xml) = false
2014-09-09 19:40:57,043 ERROR [JavaFX Application Thread     ] [Main                          ]  - Error while loading the main window
java.lang.NullPointerException
	at pl.baczkowicz.mqttspy.ui.utils.DialogUtils.createDefaultConfigFromClassPath(DialogUtils.java:224)
	at pl.baczkowicz.mqttspy.ui.utils.DialogUtils.showDefaultConfigurationFileMissingChoice(DialogUtils.java:175)
	at pl.baczkowicz.mqttspy.ui.MainController.loadDefaultConfigurationFile(MainController.java:309)
	at pl.baczkowicz.mqttspy.Main.start(Main.java:84)
	at com.sun.javafx.application.LauncherImpl$8.run(LauncherImpl.java:837)
	at com.sun.javafx.application.PlatformImpl$7.run(PlatformImpl.java:335)
	at com.sun.javafx.application.PlatformImpl$6$1.run(PlatformImpl.java:301)
	at com.sun.javafx.application.PlatformImpl$6$1.run(PlatformImpl.java:298)
	at java.security.AccessController.doPrivileged(Native Method)
	at com.sun.javafx.application.PlatformImpl$6.run(PlatformImpl.java:298)
	at com.sun.glass.ui.InvokeLaterDispatcher$Future.run(InvokeLaterDispatcher.java:95)
	at com.sun.glass.ui.gtk.GtkApplication._runLoop(Native Method)
	at com.sun.glass.ui.gtk.GtkApplication.access$200(GtkApplication.java:48)
	at com.sun.glass.ui.gtk.GtkApplication$6$1.run(GtkApplication.java:149)
	at java.lang.Thread.run(Thread.java:745)
2014-09-09 19:41:15,222 INFO  [JavaFX Application Thread     ] [MainController                ]  - Default configuration file present (/home/dellik/mqtt-spy/mqtt-spy-configuration.xml) = false
2014-09-09 19:41:17,843 INFO  [JavaFX Application Thread     ] [MainController                ]  - Loading configuration file from /home/dellik/mqtt-spy/mqtt-spy-configuration.xml
2014-09-09 19:50:57,517 INFO  [JavaFX Application Thread     ] [MainController                ]  - Default configuration file present (/home/dellik/mqtt-spy/mqtt-spy-configuration.xml) = false
2014-09-09 19:51:00,502 ERROR [JavaFX Application Thread     ] [DialogUtils                   ]  - Cannot copy configuration file
java.io.FileNotFoundException: /home/dellik/mqtt-spy/mqtt-spy-configuration.xml (Is a directory)
	at java.io.FileOutputStream.open(Native Method)
	at java.io.FileOutputStream.<init>(FileOutputStream.java:206)
	at java.io.FileOutputStream.<init>(FileOutputStream.java:156)
	at org.codehaus.plexus.util.FileUtils.copyStreamToFile(FileUtils.java:1107)
	at org.codehaus.plexus.util.FileUtils.copyURLToFile(FileUtils.java:1067)
	at pl.baczkowicz.mqttspy.ui.utils.DialogUtils.createDefaultConfigFromFile(DialogUtils.java:228)
	at pl.baczkowicz.mqttspy.ui.utils.DialogUtils.createDefaultConfigFromClassPath(DialogUtils.java:247)
	at pl.baczkowicz.mqttspy.ui.utils.DialogUtils.showDefaultConfigurationFileMissingChoice(DialogUtils.java:177)
	at pl.baczkowicz.mqttspy.ui.MainController.loadDefaultConfigurationFile(MainController.java:309)
	at pl.baczkowicz.mqttspy.Main.start(Main.java:84)
	at com.sun.javafx.application.LauncherImpl$8.run(LauncherImpl.java:837)
	at com.sun.javafx.application.PlatformImpl$7.run(PlatformImpl.java:335)
	at com.sun.javafx.application.PlatformImpl$6$1.run(PlatformImpl.java:301)
	at com.sun.javafx.application.PlatformImpl$6$1.run(PlatformImpl.java:298)
	at java.security.AccessController.doPrivileged(Native Method)
	at com.sun.javafx.application.PlatformImpl$6.run(PlatformImpl.java:298)
	at com.sun.glass.ui.InvokeLaterDispatcher$Future.run(InvokeLaterDispatcher.java:95)
	at com.sun.glass.ui.gtk.GtkApplication._runLoop(Native Method)
	at com.sun.glass.ui.gtk.GtkApplication.access$200(GtkApplication.java:48)
	at com.sun.glass.ui.gtk.GtkApplication$6$1.run(GtkApplication.java:149)
	at java.lang.Thread.run(Thread.java:745)
2014-09-09 19:52:04,551 INFO  [JavaFX Application Thread     ] [MainController                ]  - Default configuration file present (/home/dellik/mqtt-spy/mqtt-spy-configuration.xml) = false
2014-09-09 19:52:06,117 ERROR [JavaFX Application Thread     ] [DialogUtils                   ]  - Cannot copy configuration file
java.io.FileNotFoundException: /home/dellik/mqtt-spy/mqtt-spy-configuration.xml (Is a directory)
	at java.io.FileOutputStream.open(Native Method)
	at java.io.FileOutputStream.<init>(FileOutputStream.java:206)
	at java.io.FileOutputStream.<init>(FileOutputStream.java:156)
	at org.codehaus.plexus.util.FileUtils.copyStreamToFile(FileUtils.java:1107)
	at org.codehaus.plexus.util.FileUtils.copyURLToFile(FileUtils.java:1067)
	at pl.baczkowicz.mqttspy.ui.utils.DialogUtils.createDefaultConfigFromFile(DialogUtils.java:228)
	at pl.baczkowicz.mqttspy.ui.utils.DialogUtils.createDefaultConfigFromClassPath(DialogUtils.java:247)
	at pl.baczkowicz.mqttspy.ui.utils.DialogUtils.showDefaultConfigurationFileMissingChoice(DialogUtils.java:181)
	at pl.baczkowicz.mqttspy.ui.MainController.loadDefaultConfigurationFile(MainController.java:309)
	at pl.baczkowicz.mqttspy.Main.start(Main.java:84)
	at com.sun.javafx.application.LauncherImpl$8.run(LauncherImpl.java:837)
	at com.sun.javafx.application.PlatformImpl$7.run(PlatformImpl.java:335)
	at com.sun.javafx.application.PlatformImpl$6$1.run(PlatformImpl.java:301)
	at com.sun.javafx.application.PlatformImpl$6$1.run(PlatformImpl.java:298)
	at java.security.AccessController.doPrivileged(Native Method)
	at com.sun.javafx.application.PlatformImpl$6.run(PlatformImpl.java:298)
	at com.sun.glass.ui.InvokeLaterDispatcher$Future.run(InvokeLaterDispatcher.java:95)
	at com.sun.glass.ui.gtk.GtkApplication._runLoop(Native Method)
	at com.sun.glass.ui.gtk.GtkApplication.access$200(GtkApplication.java:48)
	at com.sun.glass.ui.gtk.GtkApplication$6$1.run(GtkApplication.java:149)
	at java.lang.Thread.run(Thread.java:745)
2014-09-09 19:56:30,361 INFO  [JavaFX Application Thread     ] [MainController                ]  - Default configuration file present (/home/dellik/mqtt-spy/mqtt-spy-configuration.xml) = false
2014-09-09 19:56:32,411 ERROR [JavaFX Application Thread     ] [Main                          ]  - Error while loading the main window
java.lang.NullPointerException
	at org.codehaus.plexus.util.io.URLInputStreamFacade.getInputStream(URLInputStreamFacade.java:38)
	at org.codehaus.plexus.util.FileUtils.copyStreamToFile(FileUtils.java:1106)
	at org.codehaus.plexus.util.FileUtils.copyURLToFile(FileUtils.java:1067)
	at pl.baczkowicz.mqttspy.ui.utils.DialogUtils.createDefaultConfigFromFile(DialogUtils.java:229)
	at pl.baczkowicz.mqttspy.ui.utils.DialogUtils.createDefaultConfigFromClassPath(DialogUtils.java:248)
	at pl.baczkowicz.mqttspy.ui.utils.DialogUtils.showDefaultConfigurationFileMissingChoice(DialogUtils.java:182)
	at pl.baczkowicz.mqttspy.ui.MainController.loadDefaultConfigurationFile(MainController.java:309)
	at pl.baczkowicz.mqttspy.Main.start(Main.java:84)
	at com.sun.javafx.application.LauncherImpl$8.run(LauncherImpl.java:837)
	at com.sun.javafx.application.PlatformImpl$7.run(PlatformImpl.java:335)
	at com.sun.javafx.application.PlatformImpl$6$1.run(PlatformImpl.java:301)
	at com.sun.javafx.application.PlatformImpl$6$1.run(PlatformImpl.java:298)
	at java.security.AccessController.doPrivileged(Native Method)
	at com.sun.javafx.application.PlatformImpl$6.run(PlatformImpl.java:298)
	at com.sun.glass.ui.InvokeLaterDispatcher$Future.run(InvokeLaterDispatcher.java:95)
	at com.sun.glass.ui.gtk.GtkApplication._runLoop(Native Method)
	at com.sun.glass.ui.gtk.GtkApplication.access$200(GtkApplication.java:48)
	at com.sun.glass.ui.gtk.GtkApplication$6$1.run(GtkApplication.java:149)
	at java.lang.Thread.run(Thread.java:745)
2014-09-09 19:56:52,138 INFO  [JavaFX Application Thread     ] [MainController                ]  - Default configuration file present (/home/dellik/mqtt-spy/mqtt-spy-configuration.xml) = false
2014-09-09 19:56:54,427 ERROR [JavaFX Application Thread     ] [DialogUtils                   ]  - Cannot copy configuration file
java.io.FileNotFoundException: /home/dellik/mqtt-spy/mqtt-spy-configuration.xml (Is a directory)
	at java.io.FileOutputStream.open(Native Method)
	at java.io.FileOutputStream.<init>(FileOutputStream.java:206)
	at java.io.FileOutputStream.<init>(FileOutputStream.java:156)
	at org.codehaus.plexus.util.FileUtils.copyStreamToFile(FileUtils.java:1107)
	at org.codehaus.plexus.util.FileUtils.copyURLToFile(FileUtils.java:1067)
	at pl.baczkowicz.mqttspy.ui.utils.DialogUtils.createDefaultConfigFromFile(DialogUtils.java:229)
	at pl.baczkowicz.mqttspy.ui.utils.DialogUtils.createDefaultConfigFromClassPath(DialogUtils.java:248)
	at pl.baczkowicz.mqttspy.ui.utils.DialogUtils.showDefaultConfigurationFileMissingChoice(DialogUtils.java:182)
	at pl.baczkowicz.mqttspy.ui.MainController.loadDefaultConfigurationFile(MainController.java:309)
	at pl.baczkowicz.mqttspy.Main.start(Main.java:84)
	at com.sun.javafx.application.LauncherImpl$8.run(LauncherImpl.java:837)
	at com.sun.javafx.application.PlatformImpl$7.run(PlatformImpl.java:335)
	at com.sun.javafx.application.PlatformImpl$6$1.run(PlatformImpl.java:301)
	at com.sun.javafx.application.PlatformImpl$6$1.run(PlatformImpl.java:298)
	at java.security.AccessController.doPrivileged(Native Method)
	at com.sun.javafx.application.PlatformImpl$6.run(PlatformImpl.java:298)
	at com.sun.glass.ui.InvokeLaterDispatcher$Future.run(InvokeLaterDispatcher.java:95)
	at com.sun.glass.ui.gtk.GtkApplication._runLoop(Native Method)
	at com.sun.glass.ui.gtk.GtkApplication.access$200(GtkApplication.java:48)
	at com.sun.glass.ui.gtk.GtkApplication$6$1.run(GtkApplication.java:149)
	at java.lang.Thread.run(Thread.java:745)
2014-09-09 20:06:30,185 INFO  [JavaFX Application Thread     ] [MainController                ]  - Default configuration file present (/home/dellik/mqtt-spy/mqtt-spy-configuration.xml) = false
2014-09-09 20:06:32,540 ERROR [JavaFX Application Thread     ] [DialogUtils                   ]  - Cannot copy configuration file
java.io.FileNotFoundException: /home/dellik/mqtt-spy/mqtt-spy-configuration.xml (Is a directory)
	at java.io.FileOutputStream.open(Native Method)
	at java.io.FileOutputStream.<init>(FileOutputStream.java:206)
	at java.io.FileOutputStream.<init>(FileOutputStream.java:156)
	at pl.baczkowicz.mqttspy.ui.utils.DialogUtils.stream2File(DialogUtils.java:227)
	at pl.baczkowicz.mqttspy.ui.utils.DialogUtils.createDefaultConfigFromFile(DialogUtils.java:240)
	at pl.baczkowicz.mqttspy.ui.utils.DialogUtils.createDefaultConfigFromClassPath(DialogUtils.java:260)
	at pl.baczkowicz.mqttspy.ui.utils.DialogUtils.showDefaultConfigurationFileMissingChoice(DialogUtils.java:185)
	at pl.baczkowicz.mqttspy.ui.MainController.loadDefaultConfigurationFile(MainController.java:309)
	at pl.baczkowicz.mqttspy.Main.start(Main.java:84)
	at com.sun.javafx.application.LauncherImpl$8.run(LauncherImpl.java:837)
	at com.sun.javafx.application.PlatformImpl$7.run(PlatformImpl.java:335)
	at com.sun.javafx.application.PlatformImpl$6$1.run(PlatformImpl.java:301)
	at com.sun.javafx.application.PlatformImpl$6$1.run(PlatformImpl.java:298)
	at java.security.AccessController.doPrivileged(Native Method)
	at com.sun.javafx.application.PlatformImpl$6.run(PlatformImpl.java:298)
	at com.sun.glass.ui.InvokeLaterDispatcher$Future.run(InvokeLaterDispatcher.java:95)
	at com.sun.glass.ui.gtk.GtkApplication._runLoop(Native Method)
	at com.sun.glass.ui.gtk.GtkApplication.access$200(GtkApplication.java:48)
	at com.sun.glass.ui.gtk.GtkApplication$6$1.run(GtkApplication.java:149)
	at java.lang.Thread.run(Thread.java:745)
2014-09-09 20:07:01,293 INFO  [JavaFX Application Thread     ] [MainController                ]  - Default configuration file present (/home/dellik/mqtt-spy/mqtt-spy-configuration.xml) = false
2014-09-09 20:07:03,899 ERROR [JavaFX Application Thread     ] [DialogUtils                   ]  - Cannot copy configuration file
java.io.FileNotFoundException: /home/dellik/mqtt-spy/mqtt-spy-configuration.xml (Is a directory)
	at java.io.FileOutputStream.open(Native Method)
	at java.io.FileOutputStream.<init>(FileOutputStream.java:206)
	at java.io.FileOutputStream.<init>(FileOutputStream.java:156)
	at pl.baczkowicz.mqttspy.ui.utils.DialogUtils.stream2File(DialogUtils.java:227)
	at pl.baczkowicz.mqttspy.ui.utils.DialogUtils.createDefaultConfigFromFile(DialogUtils.java:240)
	at pl.baczkowicz.mqttspy.ui.utils.DialogUtils.createDefaultConfigFromClassPath(DialogUtils.java:260)
	at pl.baczkowicz.mqttspy.ui.utils.DialogUtils.showDefaultConfigurationFileMissingChoice(DialogUtils.java:185)
	at pl.baczkowicz.mqttspy.ui.MainController.loadDefaultConfigurationFile(MainController.java:309)
	at pl.baczkowicz.mqttspy.Main.start(Main.java:84)
	at com.sun.javafx.application.LauncherImpl$8.run(LauncherImpl.java:837)
	at com.sun.javafx.application.PlatformImpl$7.run(PlatformImpl.java:335)
	at com.sun.javafx.application.PlatformImpl$6$1.run(PlatformImpl.java:301)
	at com.sun.javafx.application.PlatformImpl$6$1.run(PlatformImpl.java:298)
	at java.security.AccessController.doPrivileged(Native Method)
	at com.sun.javafx.application.PlatformImpl$6.run(PlatformImpl.java:298)
	at com.sun.glass.ui.InvokeLaterDispatcher$Future.run(InvokeLaterDispatcher.java:95)
	at com.sun.glass.ui.gtk.GtkApplication._runLoop(Native Method)
	at com.sun.glass.ui.gtk.GtkApplication.access$200(GtkApplication.java:48)
	at com.sun.glass.ui.gtk.GtkApplication$6$1.run(GtkApplication.java:149)
	at java.lang.Thread.run(Thread.java:745)
2014-09-09 20:07:59,959 INFO  [JavaFX Application Thread     ] [MainController                ]  - Default configuration file present (/home/dellik/mqtt-spy/mqtt-spy-configuration.xml) = false
2014-09-09 20:08:01,717 INFO  [JavaFX Application Thread     ] [MainController                ]  - Loading configuration file from /home/dellik/mqtt-spy/mqtt-spy-configuration.xml
2014-09-09 20:09:50,941 INFO  [JavaFX Application Thread     ] [MainController                ]  - Default configuration file present (/home/dellik/mqtt-spy/mqtt-spy-configuration.xml) = false
2014-09-09 20:11:03,714 INFO  [JavaFX Application Thread     ] [MainController                ]  - Loading configuration file from /home/dellik/mqtt-spy/mqtt-spy-configuration.xml
2014-09-09 20:12:45,531 INFO  [JavaFX Application Thread     ] [MainController                ]  - Default configuration file present (/home/dellik/mqtt-spy/mqtt-spy-configuration.xml) = true
2014-09-09 20:12:45,534 INFO  [JavaFX Application Thread     ] [MainController                ]  - Loading configuration file from /home/dellik/mqtt-spy/mqtt-spy-configuration.xml
2014-09-09 20:12:56,712 INFO  [JavaFX Application Thread     ] [MainController                ]  - Default configuration file present (/home/dellik/mqtt-spy/mqtt-spy-configuration.xml) = false
2014-09-09 20:12:59,843 INFO  [JavaFX Application Thread     ] [MainController                ]  - Loading configuration file from /home/dellik/mqtt-spy/mqtt-spy-configuration.xml
2014-09-09 20:23:48,582 INFO  [JavaFX Application Thread     ] [MainController                ]  - Default configuration file present (/home/dellik/mqtt-spy/mqtt-spy-configuration.xml) = false
2014-09-09 20:23:50,443 INFO  [JavaFX Application Thread     ] [MainController                ]  - Loading configuration file from /home/dellik/mqtt-spy/mqtt-spy-configuration.xml
2014-09-09 20:23:51,752 INFO  [JavaFX Application Thread     ] [MqttManager                   ]  - Connecting mqtt-spy to tcp://iot.eclipse.org:1883
2014-09-09 20:23:52,369 INFO  [MQTT Call: mqtt-spy           ] [MqttConnectionResultHandler   ]  - mqtt-spy@iot.eclipse.org connected
2014-09-09 20:23:57,158 INFO  [JavaFX Application Thread     ] [MainController                ]  - Loading configuration file from /home/dellik/mqtt-spy/mqtt-spy-configuration.xml
2014-09-09 20:24:10,751 INFO  [JavaFX Application Thread     ] [MainController                ]  - Loading configuration file from /home/dellik/mqtt-spy/mqtt-spy-configuration.xml
2014-09-09 20:24:11,140 INFO  [JavaFX Application Thread     ] [MqttManager                   ]  - Connecting mqtt-spy to tcp://iot.eclipse.org:1883
2014-09-09 20:24:11,445 INFO  [MQTT Rec: mqtt-spy            ] [MqttConnectionResultHandler   ]  - mqtt-spy@iot.eclipse.org connected
2014-09-09 20:24:11,447 INFO  [MQTT Call: mqtt-spy           ] [MqttConnectionResultHandler   ]  - mqtt-spy@iot.eclipse.org connected
2014-09-09 20:24:11,448 ERROR [MQTT Rec: mqtt-spy            ] [MqttCallbackHandler           ]  - Connection mqtt-spy@iot.eclipse.org lost
Connection lost (32109) - java.io.EOFException
	at org.eclipse.paho.client.mqttv3.internal.CommsReceiver.run(CommsReceiver.java:138)
	at java.lang.Thread.run(Thread.java:745)
Caused by: java.io.EOFException
	at java.io.DataInputStream.readByte(DataInputStream.java:267)
	at org.eclipse.paho.client.mqttv3.internal.wire.MqttInputStream.readMqttWireMessage(MqttInputStream.java:56)
	at org.eclipse.paho.client.mqttv3.internal.CommsReceiver.run(CommsReceiver.java:100)
	... 1 more
2014-09-09 20:24:17,509 INFO  [JavaFX Application Thread     ] [MqttManager                   ]  - Disconnecting mqtt-spy from tcp://iot.eclipse.org:1883
2014-09-09 20:24:17,520 INFO  [MQTT Disc: mqtt-spy           ] [MqttDisconnectionResultHandler]  - mqtt-spy@iot.eclipse.org disconnected
2014-09-09 20:24:23,165 INFO  [JavaFX Application Thread     ] [MainController                ]  - Default configuration file present (/home/dellik/mqtt-spy/mqtt-spy-configuration.xml) = true
2014-09-09 20:24:23,171 INFO  [JavaFX Application Thread     ] [MainController                ]  - Loading configuration file from /home/dellik/mqtt-spy/mqtt-spy-configuration.xml
2014-09-09 20:24:24,433 INFO  [JavaFX Application Thread     ] [MqttManager                   ]  - Connecting mqtt-spy to tcp://iot.eclipse.org:1883
2014-09-09 20:24:24,747 INFO  [MQTT Call: mqtt-spy           ] [MqttConnectionResultHandler   ]  - mqtt-spy@iot.eclipse.org connected
2014-09-09 20:25:03,030 INFO  [JavaFX Application Thread     ] [MainController                ]  - Loading configuration file from /home/dellik/mqtt-spy/mqtt-spy-configuration.xml
2014-09-09 20:25:08,691 INFO  [JavaFX Application Thread     ] [MainController                ]  - Loading configuration file from /home/dellik/mqtt-spy/mqtt-spy-configuration.xml
2014-09-09 20:25:09,140 INFO  [JavaFX Application Thread     ] [MqttManager                   ]  - Connecting mqtt-spy to tcp://iot.eclipse.org:1883
2014-09-09 20:25:09,461 INFO  [MQTT Rec: mqtt-spy            ] [MqttConnectionResultHandler   ]  - mqtt-spy@iot.eclipse.org connected
2014-09-09 20:25:09,462 ERROR [MQTT Rec: mqtt-spy            ] [MqttCallbackHandler           ]  - Connection mqtt-spy@iot.eclipse.org lost
Connection lost (32109) - java.io.EOFException
	at org.eclipse.paho.client.mqttv3.internal.CommsReceiver.run(CommsReceiver.java:138)
	at java.lang.Thread.run(Thread.java:745)
Caused by: java.io.EOFException
	at java.io.DataInputStream.readByte(DataInputStream.java:267)
	at org.eclipse.paho.client.mqttv3.internal.wire.MqttInputStream.readMqttWireMessage(MqttInputStream.java:56)
	at org.eclipse.paho.client.mqttv3.internal.CommsReceiver.run(CommsReceiver.java:100)
	... 1 more
2014-09-09 20:25:09,467 INFO  [MQTT Call: mqtt-spy           ] [MqttConnectionResultHandler   ]  - mqtt-spy@iot.eclipse.org connected
2014-09-09 20:25:13,167 INFO  [JavaFX Application Thread     ] [MqttManager                   ]  - Disconnecting mqtt-spy from tcp://iot.eclipse.org:1883
2014-09-09 20:25:13,182 INFO  [MQTT Disc: mqtt-spy           ] [MqttDisconnectionResultHandler]  - mqtt-spy@iot.eclipse.org disconnected
2014-09-09 20:26:12,887 INFO  [JavaFX Application Thread     ] [MainController                ]  - Default configuration file present (/home/dellik/mqtt-spy/mqtt-spy-configuration.xml) = false
2014-09-09 20:26:16,355 INFO  [JavaFX Application Thread     ] [MainController                ]  - Loading configuration file from /home/dellik/mqtt-spy/mqtt-spy-configuration.xml
2014-09-09 20:26:17,637 INFO  [JavaFX Application Thread     ] [MqttManager                   ]  - Connecting mqtt-spy to tcp://iot.eclipse.org:1883
2014-09-09 20:26:18,066 INFO  [MQTT Call: mqtt-spy           ] [MqttConnectionResultHandler   ]  - mqtt-spy@iot.eclipse.org connected
2014-09-09 20:26:27,912 INFO  [JavaFX Application Thread     ] [MainController                ]  - Loading configuration file from /home/dellik/mqtt-spy/mqtt-spy-configuration.xml
2014-09-09 20:27:40,257 INFO  [JavaFX Application Thread     ] [MainController                ]  - Default configuration file present (/home/dellik/mqtt-spy/mqtt-spy-configuration.xml) = true
2014-09-09 20:27:40,330 INFO  [JavaFX Application Thread     ] [MainController                ]  - Loading configuration file from /home/dellik/mqtt-spy/mqtt-spy-configuration.xml
2014-09-09 20:27:47,687 INFO  [JavaFX Application Thread     ] [MainController                ]  - Loading configuration file from /home/dellik/mqtt-spy/mqtt-spy-configuration.xml
2014-09-09 20:27:48,630 INFO  [JavaFX Application Thread     ] [MqttManager                   ]  - Connecting mqtt-spy to tcp://iot.eclipse.org:1883
2014-09-09 20:27:53,973 INFO  [MQTT Call: mqtt-spy           ] [MqttConnectionResultHandler   ]  - mqtt-spy@iot.eclipse.org connected
2014-09-09 20:28:01,832 INFO  [JavaFX Application Thread     ] [MainController                ]  - Loading configuration file from /home/dellik/mqtt-spy/mqtt-spy-configuration.xml
2014-09-09 20:38:34,768 INFO  [JavaFX Application Thread     ] [MainController                ]  - Default configuration file present (/home/dellik/mqtt-spy/mqtt-spy-configuration.xml) = true
2014-09-09 20:38:34,840 INFO  [JavaFX Application Thread     ] [MainController                ]  - Loading configuration file from /home/dellik/mqtt-spy/mqtt-spy-configuration.xml
2014-09-09 20:38:36,204 INFO  [JavaFX Application Thread     ] [MqttManager                   ]  - Connecting mqtt-spy to tcp://iot.eclipse.org:1883
2014-09-09 20:38:36,516 INFO  [MQTT Call: mqtt-spy           ] [MqttConnectionResultHandler   ]  - mqtt-spy@iot.eclipse.org connected
2014-09-09 20:38:42,127 INFO  [JavaFX Application Thread     ] [MainController                ]  - Loading configuration file from /home/dellik/mqtt-spy/mqtt-spy-configuration.xml
2014-09-09 20:38:45,813 INFO  [JavaFX Application Thread     ] [MqttManager                   ]  - Disconnecting mqtt-spy from tcp://iot.eclipse.org:1883
2014-09-09 20:38:45,829 INFO  [MQTT Disc: mqtt-spy           ] [MqttDisconnectionResultHandler]  - mqtt-spy@iot.eclipse.org disconnected
2014-09-09 20:38:54,032 INFO  [JavaFX Application Thread     ] [MainController                ]  - Loading configuration file from /home/dellik/mqtt-spy/mqtt-spy-configuration.xml
2014-09-09 20:38:54,405 INFO  [JavaFX Application Thread     ] [MqttManager                   ]  - Connecting mqtt-spy to tcp://iot.eclipse.org:1883
2014-09-09 20:38:54,699 INFO  [MQTT Call: mqtt-spy           ] [MqttConnectionResultHandler   ]  - mqtt-spy@iot.eclipse.org connected
2014-09-09 20:39:04,737 INFO  [JavaFX Application Thread     ] [MqttManager                   ]  - Connecting mqtt-spy to tcp://iot.eclipse.org:1883
2014-09-09 20:39:05,010 INFO  [MQTT Call: mqtt-spy           ] [MqttConnectionResultHandler   ]  - mqtt-spy@iot.eclipse.org connected
2014-09-09 20:39:05,011 INFO  [MQTT Rec: mqtt-spy            ] [MqttConnectionResultHandler   ]  - mqtt-spy@iot.eclipse.org connected
2014-09-09 20:39:05,016 ERROR [MQTT Rec: mqtt-spy            ] [MqttCallbackHandler           ]  - Connection mqtt-spy@iot.eclipse.org lost
Connection lost (32109) - java.io.EOFException
	at org.eclipse.paho.client.mqttv3.internal.CommsReceiver.run(CommsReceiver.java:138)
	at java.lang.Thread.run(Thread.java:745)
Caused by: java.io.EOFException
	at java.io.DataInputStream.readByte(DataInputStream.java:267)
	at org.eclipse.paho.client.mqttv3.internal.wire.MqttInputStream.readMqttWireMessage(MqttInputStream.java:56)
	at org.eclipse.paho.client.mqttv3.internal.CommsReceiver.run(CommsReceiver.java:100)
	... 1 more
2014-09-09 20:39:10,107 INFO  [JavaFX Application Thread     ] [MqttManager                   ]  - Connecting mqtt-spy to tcp://iot.eclipse.org:1883
2014-09-09 20:39:10,385 INFO  [MQTT Rec: mqtt-spy            ] [MqttConnectionResultHandler   ]  - mqtt-spy@iot.eclipse.org connected
2014-09-09 20:39:10,387 ERROR [MQTT Rec: mqtt-spy            ] [MqttCallbackHandler           ]  - Connection mqtt-spy@iot.eclipse.org lost
Connection lost (32109) - java.io.EOFException
	at org.eclipse.paho.client.mqttv3.internal.CommsReceiver.run(CommsReceiver.java:138)
	at java.lang.Thread.run(Thread.java:745)
Caused by: java.io.EOFException
	at java.io.DataInputStream.readByte(DataInputStream.java:267)
	at org.eclipse.paho.client.mqttv3.internal.wire.MqttInputStream.readMqttWireMessage(MqttInputStream.java:56)
	at org.eclipse.paho.client.mqttv3.internal.CommsReceiver.run(CommsReceiver.java:100)
	... 1 more
2014-09-09 20:39:10,391 INFO  [MQTT Call: mqtt-spy           ] [MqttConnectionResultHandler   ]  - mqtt-spy@iot.eclipse.org connected
2014-09-09 20:39:14,357 INFO  [JavaFX Application Thread     ] [MqttManager                   ]  - Connecting mqtt-spy to tcp://iot.eclipse.org:1883
2014-09-09 20:39:14,626 INFO  [MQTT Rec: mqtt-spy            ] [MqttConnectionResultHandler   ]  - mqtt-spy@iot.eclipse.org connected
2014-09-09 20:39:14,627 ERROR [MQTT Rec: mqtt-spy            ] [MqttCallbackHandler           ]  - Connection mqtt-spy@iot.eclipse.org lost
Connection lost (32109) - java.io.EOFException
	at org.eclipse.paho.client.mqttv3.internal.CommsReceiver.run(CommsReceiver.java:138)
	at java.lang.Thread.run(Thread.java:745)
Caused by: java.io.EOFException
	at java.io.DataInputStream.readByte(DataInputStream.java:267)
	at org.eclipse.paho.client.mqttv3.internal.wire.MqttInputStream.readMqttWireMessage(MqttInputStream.java:56)
	at org.eclipse.paho.client.mqttv3.internal.CommsReceiver.run(CommsReceiver.java:100)
	... 1 more
2014-09-09 20:39:14,638 INFO  [MQTT Call: mqtt-spy           ] [MqttConnectionResultHandler   ]  - mqtt-spy@iot.eclipse.org connected
2014-09-09 20:39:29,003 INFO  [JavaFX Application Thread     ] [MqttManager                   ]  - Disconnecting mqtt-spy from tcp://iot.eclipse.org:1883
2014-09-09 20:39:29,008 INFO  [MQTT Disc: mqtt-spy           ] [MqttDisconnectionResultHandler]  - mqtt-spy@iot.eclipse.org disconnected
